<?xml version="1.0" encoding="UTF-8"?>
<testng-results ignored="0" total="1" passed="1" failed="0" skipped="0">
  <reporter-output>
  </reporter-output>
  <suite started-at="2021-07-09T09:23:52 IST" name="Default suite" finished-at="2021-07-09T09:24:01 IST" duration-ms="8305">
    <groups>
    </groups>
    <test started-at="2021-07-09T09:23:52 IST" name="Default test" finished-at="2021-07-09T09:24:01 IST" duration-ms="8305">
      <class name="techmahindra.FirstSelenium">
        <test-method signature="loginToGoogle()[pri:0, instance:techmahindra.FirstSelenium@3fb1549b]" started-at="2021-07-09T09:23:52 IST" name="loginToGoogle" finished-at="2021-07-09T09:24:01 IST" duration-ms="8258" status="PASS">
          <reporter-output>
          </reporter-output>
        </test-method> <!-- loginToGoogle -->
      </class> <!-- techmahindra.FirstSelenium -->
    </test> <!-- Default test -->
  </suite> <!-- Default suite -->
</testng-results>
