<?xml version="1.0" encoding="UTF-8"?>
<testng-results ignored="0" total="1" passed="1" failed="0" skipped="0">
  <reporter-output>
  </reporter-output>
  <suite started-at="2021-07-06T13:39:20 IST" name="Suite" finished-at="2021-07-06T13:39:38 IST" duration-ms="18011">
    <groups>
    </groups>
    <test started-at="2021-07-06T13:39:20 IST" name="Test" finished-at="2021-07-06T13:39:38 IST" duration-ms="18011">
      <class name="techmahindra.FirstSelenium">
        <test-method signature="loginToGoogle()[pri:0, instance:techmahindra.FirstSelenium@3fb1549b]" started-at="2021-07-06T13:39:20 IST" name="loginToGoogle" finished-at="2021-07-06T13:39:38 IST" duration-ms="17936" status="PASS">
          <reporter-output>
          </reporter-output>
        </test-method> <!-- loginToGoogle -->
      </class> <!-- techmahindra.FirstSelenium -->
    </test> <!-- Test -->
  </suite> <!-- Suite -->
</testng-results>
